빌드 시작: 2014-11-24 오후 4:36:03
     1>2 노드의 "C:\VS2010\MainWindow_BACKUP\MainWindow_BACKUP\MainWindow_BACKUP.vcxproj" 프로젝트(build 대상)입니다.
     1>InitializeBuildStatus:
         "AlwaysCreate"이(가) 지정되었기 때문에 "Debug\MainWindow_BACKUP.unsuccessfulbuild"을(를) 만들고 있습니다.
       CustomBuild:
         모든 출력이 최신 상태입니다.
       ClCompile:
         C:\Program Files (x86)\Microsoft Visual Studio 10.0\VC\bin\CL.exe /c /I.\GeneratedFiles /I. /IC:\Qt\5.3\msvc2010_opengl\include /I.\GeneratedFiles\Debug /IC:\Qt\5.3\msvc2010_opengl\include\QtCore /IC:\Qt\5.3\msvc2010_opengl\include\QtGui /IC:\Qt\5.3\msvc2010_opengl\include\QtWidgets /Zi /nologo /W1 /WX- /Od /Oy- /D UNICODE /D WIN32 /D WIN64 /D QT_DLL /D QT_CORE_LIB /D QT_GUI_LIB /D QT_WIDGETS_LIB /Gm- /EHsc /MDd /GS /fp:precise /Zc:wchar_t /Zc:forScope /Fo"Debug\\" /Fd"Debug\vc100.pdb" /Gd /TP /analyze- /errorReport:prompt loginwidget.cpp
         loginwidget.cpp
       Link:
         C:\Program Files (x86)\Microsoft Visual Studio 10.0\VC\bin\link.exe /ERRORREPORT:PROMPT /OUT:"C:\VS2010\MainWindow_BACKUP\Win32\Debug\\MainWindow_BACKUP.exe" /NOLOGO /LIBPATH:C:\Qt\5.3\msvc2010_opengl\lib qtmaind.lib Qt5Cored.lib Qt5Guid.lib Qt5Widgetsd.lib kernel32.lib user32.lib gdi32.lib winspool.lib comdlg32.lib advapi32.lib shell32.lib ole32.lib oleaut32.lib uuid.lib odbc32.lib odbccp32.lib /MANIFEST /ManifestFile:"Debug\MainWindow_BACKUP.exe.intermediate.manifest" /MANIFESTUAC:"level='asInvoker' uiAccess='false'" /DEBUG /PDB:"C:\VS2010\MainWindow_BACKUP\Win32\Debug\MainWindow_BACKUP.pdb" /SUBSYSTEM:WINDOWS /TLBID:1 /DYNAMICBASE /NXCOMPAT /IMPLIB:"C:\VS2010\MainWindow_BACKUP\Win32\Debug\MainWindow_BACKUP.lib" /MACHINE:X86 Debug\dialog.obj
         Debug\moc_dialog.obj
         Debug\moc_loginwidget.obj
         Debug\moc_logowidget.obj
         Debug\moc_mainwindow.obj
         Debug\moc_selectwidget.obj
         Debug\moc_shopwidget.obj
         Debug\moc_statuswidget.obj
         Debug\moc_tutorialwidget.obj
         Debug\item.obj
         Debug\item1.obj
         Debug\item2.obj
         Debug\item3.obj
         Debug\item4.obj
         Debug\item5.obj
         Debug\item6.obj
         Debug\shop.obj
         Debug\login.obj
         Debug\loginwidget.obj
         Debug\logowidget.obj
         Debug\main.obj
         Debug\mainwindow.obj
         Debug\player.obj
         Debug\replay.obj
         Debug\selectwidget.obj
         Debug\shopwidget.obj
         Debug\statuswidget.obj
         Debug\tutorialwidget.obj
         LINK : C:\VS2010\MainWindow_BACKUP\Win32\Debug\\MainWindow_BACKUP.exe을(를) 찾을 수 없거나 마지막 증분 링크에 의해 빌드되지 않았습니다. 전체 링크를 수행하고 있습니다.
         MainWindow_BACKUP.vcxproj -> C:\VS2010\MainWindow_BACKUP\Win32\Debug\MainWindow_BACKUP.exe
       Manifest:
         C:\Program Files (x86)\Microsoft SDKs\Windows\v7.0A\bin\mt.exe /nologo /verbose /outputresource:"C:\VS2010\MainWindow_BACKUP\Win32\Debug\\MainWindow_BACKUP.exe;#1" /manifest Debug\MainWindow_BACKUP.exe.intermediate.manifest
       FinalizeBuildStatus:
         "Debug\MainWindow_BACKUP.unsuccessfulbuild" 파일을 삭제하고 있습니다.
         "Debug\MainWindow_BACKUP.lastbuildstate"에 연결(touching)하고 있습니다.
     1>"C:\VS2010\MainWindow_BACKUP\MainWindow_BACKUP\MainWindow_BACKUP.vcxproj" 프로젝트를 빌드했습니다(build 대상).

빌드했습니다.

경과 시간: 00:00:01.91
