C:\VS2010\MainWindow_BACKUP\MainWindow_BACKUP\Debug\cl.command.1.tlog
C:\VS2010\MainWindow_BACKUP\MainWindow_BACKUP\Debug\CL.read.1.tlog
C:\VS2010\MainWindow_BACKUP\MainWindow_BACKUP\Debug\CL.write.1.tlog
C:\VS2010\MainWindow_BACKUP\MainWindow_BACKUP\Debug\custombuild.command.1.tlog
C:\VS2010\MainWindow_BACKUP\MainWindow_BACKUP\Debug\custombuild.read.1.tlog
C:\VS2010\MainWindow_BACKUP\MainWindow_BACKUP\Debug\custombuild.write.1.tlog
C:\VS2010\MAINWINDOW_BACKUP\MAINWINDOW_BACKUP\DEBUG\DIALOG.OBJ
C:\VS2010\MAINWINDOW_BACKUP\MAINWINDOW_BACKUP\DEBUG\ITEM.OBJ
C:\VS2010\MAINWINDOW_BACKUP\MAINWINDOW_BACKUP\DEBUG\ITEM1.OBJ
C:\VS2010\MAINWINDOW_BACKUP\MAINWINDOW_BACKUP\DEBUG\ITEM2.OBJ
C:\VS2010\MAINWINDOW_BACKUP\MAINWINDOW_BACKUP\DEBUG\ITEM3.OBJ
C:\VS2010\MAINWINDOW_BACKUP\MAINWINDOW_BACKUP\DEBUG\ITEM4.OBJ
C:\VS2010\MAINWINDOW_BACKUP\MAINWINDOW_BACKUP\DEBUG\ITEM5.OBJ
C:\VS2010\MAINWINDOW_BACKUP\MAINWINDOW_BACKUP\DEBUG\ITEM6.OBJ
C:\VS2010\MainWindow_BACKUP\MainWindow_BACKUP\Debug\link.command.1.tlog
C:\VS2010\MainWindow_BACKUP\MainWindow_BACKUP\Debug\link.read.1.tlog
C:\VS2010\MainWindow_BACKUP\MainWindow_BACKUP\Debug\link.write.1.tlog
C:\VS2010\MAINWINDOW_BACKUP\MAINWINDOW_BACKUP\DEBUG\LOGIN.OBJ
C:\VS2010\MAINWINDOW_BACKUP\MAINWINDOW_BACKUP\DEBUG\LOGINWIDGET.OBJ
C:\VS2010\MAINWINDOW_BACKUP\MAINWINDOW_BACKUP\DEBUG\LOGOWIDGET.OBJ
C:\VS2010\MAINWINDOW_BACKUP\MAINWINDOW_BACKUP\DEBUG\MAIN.OBJ
C:\VS2010\MAINWINDOW_BACKUP\MAINWINDOW_BACKUP\DEBUG\MAINWINDOW.OBJ
C:\VS2010\MAINWINDOW_BACKUP\MAINWINDOW_BACKUP\DEBUG\MAINWINDOW_BACKUP.EXE.INTERMEDIATE.MANIFEST
C:\VS2010\MainWindow_BACKUP\MainWindow_BACKUP\Debug\MainWindow_BACKUP.vcxprojResolveAssemblyReference.cache
C:\VS2010\MainWindow_BACKUP\MainWindow_BACKUP\Debug\MainWindow_BACKUP.write.1.tlog
C:\VS2010\MAINWINDOW_BACKUP\MAINWINDOW_BACKUP\DEBUG\MOC_DIALOG.OBJ
C:\VS2010\MAINWINDOW_BACKUP\MAINWINDOW_BACKUP\DEBUG\MOC_LOGINWIDGET.OBJ
C:\VS2010\MAINWINDOW_BACKUP\MAINWINDOW_BACKUP\DEBUG\MOC_LOGOWIDGET.OBJ
C:\VS2010\MAINWINDOW_BACKUP\MAINWINDOW_BACKUP\DEBUG\MOC_MAINWINDOW.OBJ
C:\VS2010\MAINWINDOW_BACKUP\MAINWINDOW_BACKUP\DEBUG\MOC_SELECTWIDGET.OBJ
C:\VS2010\MAINWINDOW_BACKUP\MAINWINDOW_BACKUP\DEBUG\MOC_SHOPWIDGET.OBJ
C:\VS2010\MAINWINDOW_BACKUP\MAINWINDOW_BACKUP\DEBUG\MOC_TUTORIALWIDGET.OBJ
C:\VS2010\MainWindow_BACKUP\MainWindow_BACKUP\Debug\mt.command.1.tlog
C:\VS2010\MainWindow_BACKUP\MainWindow_BACKUP\Debug\mt.read.1.tlog
C:\VS2010\MainWindow_BACKUP\MainWindow_BACKUP\Debug\mt.write.1.tlog
C:\VS2010\MAINWINDOW_BACKUP\MAINWINDOW_BACKUP\DEBUG\PLAYER.OBJ
C:\VS2010\MAINWINDOW_BACKUP\MAINWINDOW_BACKUP\DEBUG\QRC_MAINWINDOW.OBJ
C:\VS2010\MAINWINDOW_BACKUP\MAINWINDOW_BACKUP\DEBUG\SELECTWIDGET.OBJ
C:\VS2010\MAINWINDOW_BACKUP\MAINWINDOW_BACKUP\DEBUG\SHOP.OBJ
C:\VS2010\MAINWINDOW_BACKUP\MAINWINDOW_BACKUP\DEBUG\SHOPWIDGET.OBJ
C:\VS2010\MAINWINDOW_BACKUP\MAINWINDOW_BACKUP\DEBUG\TUTORIALWIDGET.OBJ
C:\VS2010\MAINWINDOW_BACKUP\MAINWINDOW_BACKUP\DEBUG\VC100.PDB
C:\VS2010\MAINWINDOW_BACKUP\MAINWINDOW_BACKUP\GENERATEDFILES\DEBUG\MOC_DIALOG.CPP
C:\VS2010\MAINWINDOW_BACKUP\MAINWINDOW_BACKUP\GENERATEDFILES\DEBUG\MOC_LOGINWIDGET.CPP
C:\VS2010\MAINWINDOW_BACKUP\MAINWINDOW_BACKUP\GENERATEDFILES\DEBUG\MOC_LOGOWIDGET.CPP
C:\VS2010\MAINWINDOW_BACKUP\MAINWINDOW_BACKUP\GENERATEDFILES\DEBUG\MOC_MAINWINDOW.CPP
C:\VS2010\MAINWINDOW_BACKUP\MAINWINDOW_BACKUP\GENERATEDFILES\DEBUG\MOC_SELECTWIDGET.CPP
C:\VS2010\MAINWINDOW_BACKUP\MAINWINDOW_BACKUP\GENERATEDFILES\DEBUG\MOC_SHOPWIDGET.CPP
C:\VS2010\MAINWINDOW_BACKUP\MAINWINDOW_BACKUP\GENERATEDFILES\DEBUG\MOC_TUTORIALWIDGET.CPP
C:\VS2010\MAINWINDOW_BACKUP\MAINWINDOW_BACKUP\GENERATEDFILES\QRC_MAINWINDOW.CPP
C:\VS2010\MAINWINDOW_BACKUP\WIN32\DEBUG\MAINWINDOW_BACKUP.EXE
C:\VS2010\MAINWINDOW_BACKUP\WIN32\DEBUG\MAINWINDOW_BACKUP.ILK
C:\VS2010\MAINWINDOW_BACKUP\WIN32\DEBUG\MAINWINDOW_BACKUP.PDB
