빌드 시작: 2014-11-23 오전 2:28:50
     1>2 노드의 "C:\Users\배성운\Documents\GitHub\OOP_PROJECT\MainWindow-Shop\MainWindow\MainWindow.vcxproj" 프로젝트(build 대상)입니다.
     1>InitializeBuildStatus:
         "AlwaysCreate"이(가) 지정되었기 때문에 "Debug\MainWindow.unsuccessfulbuild"을(를) 만들고 있습니다.
       CustomBuild:
         Moc'ing mainwindow.h...
         Uic'ing mainwindow.ui...
         Moc'ing shopwidget.h...
         Moc'ing tutorialwidget.h...
         Moc'ing loginwidget.h...
         Moc'ing logowidget.h...
         Moc'ing selectwidget.h...
         Rcc'ing mainwindow.qrc...
     1>RCC : warning : No resources in 'C:\Users\諛곗꽦??Documents\GitHub\OOP_PROJECT\MainWindow-Shop\MainWindow\mainwindow.qrc'.
         
       ClCompile:
         C:\Program Files (x86)\Microsoft Visual Studio 10.0\VC\bin\CL.exe /c /I.\GeneratedFiles /I. /IC:\Qt\5.3\msvc2010_opengl\include /I.\GeneratedFiles\Debug /IC:\Qt\5.3\msvc2010_opengl\include\QtCore /IC:\Qt\5.3\msvc2010_opengl\include\QtGui /IC:\Qt\5.3\msvc2010_opengl\include\QtWidgets /Zi /nologo /W1 /WX- /Od /Oy- /D UNICODE /D WIN32 /D WIN64 /D QT_DLL /D QT_CORE_LIB /D QT_GUI_LIB /D QT_WIDGETS_LIB /Gm- /EHsc /MDd /GS /fp:precise /Zc:wchar_t /Zc:forScope /Fo"Debug\\" /Fd"Debug\vc100.pdb" /Gd /TP /analyze- /errorReport:prompt GeneratedFiles\Debug\moc_loginwidget.cpp GeneratedFiles\Debug\moc_logowidget.cpp GeneratedFiles\Debug\moc_mainwindow.cpp GeneratedFiles\Debug\moc_selectwidget.cpp GeneratedFiles\Debug\moc_shopwidget.cpp GeneratedFiles\Debug\moc_tutorialwidget.cpp item\item.cpp item\item1.cpp item\item2.cpp item\item3.cpp item\item4.cpp item\item5.cpp item\item6.cpp item\shop.cpp login.cpp loginwidget.cpp logowidget.cpp main.cpp selectwidget.cpp mainwindow.cpp player.cpp shopwidget.cpp tutorialwidget.cpp
         moc_loginwidget.cpp
         moc_logowidget.cpp
         moc_mainwindow.cpp
         moc_selectwidget.cpp
         moc_shopwidget.cpp
         moc_tutorialwidget.cpp
         item.cpp
         item1.cpp
         item2.cpp
         item3.cpp
         item4.cpp
         item5.cpp
         item6.cpp
         shop.cpp
         login.cpp
         loginwidget.cpp
         logowidget.cpp
         main.cpp
         selectwidget.cpp
         mainwindow.cpp
         코드를 생성하고 있습니다...
     1>c:\users\배성운\documents\github\oop_project\mainwindow-shop\mainwindow\item\item6.cpp(19): warning C4715: 'item6::itemGame' : 모든 제어 경로에서 값을 반환하지는 않습니다.
     1>c:\users\배성운\documents\github\oop_project\mainwindow-shop\mainwindow\item\item5.cpp(19): warning C4715: 'item5::itemGame' : 모든 제어 경로에서 값을 반환하지는 않습니다.
     1>c:\users\배성운\documents\github\oop_project\mainwindow-shop\mainwindow\item\item4.cpp(19): warning C4715: 'item4::itemGame' : 모든 제어 경로에서 값을 반환하지는 않습니다.
     1>c:\users\배성운\documents\github\oop_project\mainwindow-shop\mainwindow\item\item3.cpp(19): warning C4715: 'item3::itemGame' : 모든 제어 경로에서 값을 반환하지는 않습니다.
     1>c:\users\배성운\documents\github\oop_project\mainwindow-shop\mainwindow\item\item2.cpp(19): warning C4715: 'item2::itemGame' : 모든 제어 경로에서 값을 반환하지는 않습니다.
     1>c:\users\배성운\documents\github\oop_project\mainwindow-shop\mainwindow\item\item1.cpp(19): warning C4715: 'item1::itemGame' : 모든 제어 경로에서 값을 반환하지는 않습니다.
         컴파일하고 있습니다...
         player.cpp
         shopwidget.cpp
         tutorialwidget.cpp
         코드를 생성하고 있습니다...
         C:\Program Files (x86)\Microsoft Visual Studio 10.0\VC\bin\CL.exe /c /I.\GeneratedFiles /I. /IC:\Qt\5.3\msvc2010_opengl\include /I.\GeneratedFiles\Debug /IC:\Qt\5.3\msvc2010_opengl\include\QtCore /IC:\Qt\5.3\msvc2010_opengl\include\QtGui /IC:\Qt\5.3\msvc2010_opengl\include\QtWidgets /Zi /nologo /W1 /WX- /Od /Oy- /D UNICODE /D WIN32 /D WIN64 /D QT_DLL /D QT_CORE_LIB /D QT_GUI_LIB /D QT_WIDGETS_LIB /Gm- /EHsc /MDd /GS /fp:precise /Zc:wchar_t /Zc:forScope /Fo"Debug\\" /Fd"Debug\vc100.pdb" /Gd /TP /analyze- /errorReport:prompt GeneratedFiles\qrc_mainwindow.cpp
         qrc_mainwindow.cpp
       Link:
         C:\Program Files (x86)\Microsoft Visual Studio 10.0\VC\bin\link.exe /ERRORREPORT:PROMPT /OUT:"C:\Users\배성운\Documents\GitHub\OOP_PROJECT\MainWindow-Shop\Win32\Debug\\MainWindow.exe" /NOLOGO /LIBPATH:C:\Qt\5.3\msvc2010_opengl\lib qtmaind.lib Qt5Cored.lib Qt5Guid.lib Qt5Widgetsd.lib kernel32.lib user32.lib gdi32.lib winspool.lib comdlg32.lib advapi32.lib shell32.lib ole32.lib oleaut32.lib uuid.lib odbc32.lib odbccp32.lib /MANIFEST /ManifestFile:"Debug\MainWindow.exe.intermediate.manifest" /MANIFESTUAC:"level='asInvoker' uiAccess='false'" /DEBUG /PDB:"C:\Users\배성운\Documents\GitHub\OOP_PROJECT\MainWindow-Shop\Win32\Debug\MainWindow.pdb" /SUBSYSTEM:WINDOWS /TLBID:1 /DYNAMICBASE /NXCOMPAT /IMPLIB:"C:\Users\배성운\Documents\GitHub\OOP_PROJECT\MainWindow-Shop\Win32\Debug\MainWindow.lib" /MACHINE:X86 Debug\moc_loginwidget.obj
         Debug\moc_logowidget.obj
         Debug\moc_mainwindow.obj
         Debug\moc_selectwidget.obj
         Debug\moc_shopwidget.obj
         Debug\moc_tutorialwidget.obj
         Debug\qrc_mainwindow.obj
         Debug\item.obj
         Debug\item1.obj
         Debug\item2.obj
         Debug\item3.obj
         Debug\item4.obj
         Debug\item5.obj
         Debug\item6.obj
         Debug\shop.obj
         Debug\login.obj
         Debug\loginwidget.obj
         Debug\logowidget.obj
         Debug\main.obj
         Debug\selectwidget.obj
         Debug\mainwindow.obj
         Debug\player.obj
         Debug\shopwidget.obj
         Debug\tutorialwidget.obj
         LINK : C:\Users\배성운\Documents\GitHub\OOP_PROJECT\MainWindow-Shop\Win32\Debug\\MainWindow.exe을(를) 찾을 수 없거나 마지막 증분 링크에 의해 빌드되지 않았습니다. 전체 링크를 수행하고 있습니다.
         MainWindow.vcxproj -> C:\Users\배성운\Documents\GitHub\OOP_PROJECT\MainWindow-Shop\Win32\Debug\MainWindow.exe
       Manifest:
         C:\Program Files (x86)\Microsoft SDKs\Windows\v7.0A\bin\mt.exe /nologo /verbose /outputresource:"C:\Users\배성운\Documents\GitHub\OOP_PROJECT\MainWindow-Shop\Win32\Debug\\MainWindow.exe;#1" /manifest Debug\MainWindow.exe.intermediate.manifest
       FinalizeBuildStatus:
         "Debug\MainWindow.unsuccessfulbuild" 파일을 삭제하고 있습니다.
         "Debug\MainWindow.lastbuildstate"에 연결(touching)하고 있습니다.
     1>"C:\Users\배성운\Documents\GitHub\OOP_PROJECT\MainWindow-Shop\MainWindow\MainWindow.vcxproj" 프로젝트를 빌드했습니다(build 대상).

빌드했습니다.

경과 시간: 00:00:22.77
